<?xml version="1.0" encoding="UTF-8"?>
<testng-results ignored="0" total="3" passed="3" failed="0" skipped="0">
  <reporter-output>
  </reporter-output>
  <suite started-at="2024-07-25T16:55:55 IST" name="Default suite" finished-at="2024-07-25T16:55:55 IST" duration-ms="41">
    <groups>
    </groups>
    <test started-at="2024-07-25T16:55:55 IST" name="Default test" finished-at="2024-07-25T16:55:55 IST" duration-ms="41">
      <class name="DataDrivenTestingDemo.DDDemo">
        <test-method signature="Testlogin(java.lang.String,java.lang.String)[pri:0, instance:DataDrivenTestingDemo.DDDemo@5af3afd9]" started-at="2024-07-25T16:55:55 IST" name="Testlogin" data-provider="dsm" finished-at="2024-07-25T16:55:55 IST" duration-ms="10" status="PASS">
          <params>
            <param index="0">
              <value>
                <![CDATA[Arun]]>
              </value>
            </param>
            <param index="1">
              <value>
                <![CDATA[123]]>
              </value>
            </param>
          </params>
          <reporter-output>
          </reporter-output>
        </test-method> <!-- Testlogin -->
        <test-method signature="Testlogin(java.lang.String,java.lang.String)[pri:0, instance:DataDrivenTestingDemo.DDDemo@5af3afd9]" started-at="2024-07-25T16:55:55 IST" name="Testlogin" data-provider="dsm" finished-at="2024-07-25T16:55:55 IST" duration-ms="1" status="PASS">
          <params>
            <param index="0">
              <value>
                <![CDATA[tharun]]>
              </value>
            </param>
            <param index="1">
              <value>
                <![CDATA[345]]>
              </value>
            </param>
          </params>
          <reporter-output>
          </reporter-output>
        </test-method> <!-- Testlogin -->
        <test-method signature="Testlogin(java.lang.String,java.lang.String)[pri:0, instance:DataDrivenTestingDemo.DDDemo@5af3afd9]" started-at="2024-07-25T16:55:55 IST" name="Testlogin" data-provider="dsm" finished-at="2024-07-25T16:55:55 IST" duration-ms="1" status="PASS">
          <params>
            <param index="0">
              <value>
                <![CDATA[varun]]>
              </value>
            </param>
            <param index="1">
              <value>
                <![CDATA[567]]>
              </value>
            </param>
          </params>
          <reporter-output>
          </reporter-output>
        </test-method> <!-- Testlogin -->
      </class> <!-- DataDrivenTestingDemo.DDDemo -->
    </test> <!-- Default test -->
  </suite> <!-- Default suite -->
</testng-results>
