<?xml version="1.0" encoding="UTF-8"?>
<!-- Generated by org.testng.reporters.JUnitXMLReporter -->
<testsuite ignored="0" hostname="DESKTOP-6M4388R" failures="0" tests="3" name="Default test" time="0.041" errors="0" timestamp="2024-07-25T16:55:55 IST">
  <testcase classname="DataDrivenTestingDemo.DDDemo" name="Testlogin" time="0.01"/>
  <testcase classname="DataDrivenTestingDemo.DDDemo" name="Testlogin" time="0.001"/>
  <testcase classname="DataDrivenTestingDemo.DDDemo" name="Testlogin" time="0.001"/>
</testsuite> <!-- Default test -->
